[enisn-projects.io/docs/en/uranium/latest.html]
[backblue.gif]
[fade.gif]
[index.html]
[cdn.jsdelivr.net/npm/masonry-layout@4.2.2/dist/masonry.pkgd.min.js]
[enisn-projects.io/docs/en/uranium/latest/Getting-Started.html]
[enisn-projects.io/docs/en/uranium/latest/infrastructure/UraniumContentPage.html]
[enisn-projects.io/docs/en/uranium/latest/infrastructure/StatefulContentView.html]
[enisn-projects.io/docs/en/uranium/latest/validations/Index.html]
[enisn-projects.io/docs/en/uranium/latest/validations/InputKitValidations.html]
[enisn-projects.io/docs/en/uranium/latest/validations/DataAnnotations.html]
[enisn-projects.io/docs/en/uranium/latest/theming/ColorSystem.html]
[enisn-projects.io/docs/en/uranium/latest/theming/Icons.html]
[enisn-projects.io/docs/en/uranium/latest/theming/CascadingStyling.html]
[enisn-projects.io/docs/en/uranium/latest/theming/CreatingTheme.html]
[enisn-projects.io/docs/en/uranium/latest/themes/material/ColorsAndStyles.html]
[enisn-projects.io/docs/en/uranium/latest/themes/material/Elevation.html]
[enisn-projects.io/docs/en/uranium/latest/themes/material/ButtonView.html]
[enisn-projects.io/docs/en/uranium/latest/themes/material/Buttons.html]
[enisn-projects.io/docs/en/uranium/latest/themes/material/components/InputField.html]
[enisn-projects.io/docs/en/uranium/latest/themes/material/components/TextField.html]
[enisn-projects.io/docs/en/uranium/latest/themes/material/components/AutoCompleteTextField.html]
[enisn-projects.io/docs/en/uranium/latest/themes/material/components/PickerField.html]
[enisn-projects.io/docs/en/uranium/latest/themes/material/components/TimePickerField.html]
[enisn-projects.io/docs/en/uranium/latest/themes/material/components/DatePickerField.html]
[enisn-projects.io/docs/en/uranium/latest/themes/material/Validations.html]
[enisn-projects.io/docs/en/uranium/latest/themes/material/CheckBox.html]
[enisn-projects.io/docs/en/uranium/latest/themes/material/RadioButton.html]
[enisn-projects.io/docs/en/uranium/latest/themes/material/Dialogs.html]
[enisn-projects.io/docs/en/uranium/latest/themes/material/Divider.html]
[enisn-projects.io/docs/en/uranium/latest/themes/material/components/Backdrop.html]
[enisn-projects.io/docs/en/uranium/latest/themes/material/components/BottomSheet.html]
[enisn-projects.io/docs/en/uranium/latest/themes/material/components/DataGrid.html]
[enisn-projects.io/docs/en/uranium/latest/themes/material/components/TreeView.html]
[enisn-projects.io/docs/en/uranium/latest/themes/material/components/TabView.html]
[enisn-projects.io/docs/en/uranium/latest/themes/material/Containers.html]
[enisn-projects.io/docs/en/uranium/latest/migration-guides/Migrating-To-1.html]
[enisn-projects.io/docs/en/uranium/latest/migration-guides/Migrating-To-2.html]
[enisn-projects.io/docs/en/uranium/latest/migration-guides/Migrating-To-3.html]
[enisn-projects.io/docs/en/uranium/latest/migration-guides/Migrating-To-4.html]
[enisn-projects.io/docs/en/uranium/latest/Support.html]
[enisn-projects.io/docs/en/uranium/latest/PremiumSupport.html]
[enisn-projects.io/docs/en/uranium/latest/themes/material/Index.html]
[enisn-projects.io/__bundles/LeptonXLite.Global.FC83D7F8612BD7822731B6AA6B2E1931cbc7.js]
[enisn-projects.io/libs/timeago/locales/jquery.timeago.enf9f5.js]
[enisn-projects.io/__bundles/Volo.Docs.Pages.Documents.Project.IndexModel.5776DACC59CA0A0ADAD25FA8CB5F368D107d.js]
[enisn-projects.io/docs/en/uranium/latest.html]
[enisn-projects.io/libs/malihu-custom-scrollbar-plugin/mCSB_buttons.png]
[enisn-projects.io/__bundles/LeptonXLite.Global.86BAF79B403556AB521761BF0380A67D1ad8.css]
[enisn-projects.io/__bundles/Volo.Docs.Pages.Documents.Project.IndexModel.C4E5272A756782FC0B27DF05BFBBC9EE3014.css]
[raw.githubusercontent.com/enisn/UraniumUI/rel-2.2/docs/en/images/getting-started-visual-studio.gif]
[enisn-projects.io/docs/en/uranium/latest/Getting-Started.html]
[enisn-projects.io/docs/en/uranium/latest/infrastructure/UraniumContentPage.html]
[raw.githubusercontent.com/enisn/UraniumUI/rel-2.2/docs/en/infrastructure/images/statefulcontentview-demo-windows-dark.gif]
[raw.githubusercontent.com/enisn/UraniumUI/rel-2.2/docs/en/infrastructure/images/statefulcontentview-demo-mac-light.gif]
[enisn-projects.io/docs/en/uranium/latest/infrastructure/StatefulContentView.html]
[enisn-projects.io/docs/en/uranium/latest/validations/Index.html]
[enisn-projects.io/docs/en/uranium/latest/validations/InputKitValidations.html]
[raw.githubusercontent.com/enisn/UraniumUI/rel-2.2/docs/en/validations/images/validations-dataannotations-demo.gif]
[enisn-projects.io/docs/en/uranium/latest/validations/DataAnnotations.html]
[enisn-projects.io/docs/en/uranium/latest/theming/ColorSystem.html]
[raw.githubusercontent.com/enisn/UraniumUI/rel-2.2/docs/en/theming/images/fontawesome-demo.png]
[enisn-projects.io/docs/en/uranium/latest/theming/Icons.html]
[raw.githubusercontent.com/enisn/UraniumUI/rel-2.2/docs/en/theming/images/cascadingstyle-demo.png]
[raw.githubusercontent.com/enisn/UraniumUI/rel-2.2/docs/en/theming/images/cascadingstyle-nested.png]
[raw.githubusercontent.com/enisn/UraniumUI/rel-2.2/docs/en/theming/images/cascadingstyle-styleclass.png]
[enisn-projects.io/docs/en/uranium/latest/theming/CascadingStyling.html]
[enisn-projects.io/docs/en/uranium/latest/theming/CreatingTheme.html]
[enisn-projects.io/docs/en/uranium/latest/themes/material/ColorsAndStyles.html]
[raw.githubusercontent.com/enisn/UraniumUI/rel-2.2/docs/en/themes/material/images/elevation-single-demo.png]
[raw.githubusercontent.com/enisn/UraniumUI/rel-2.2/docs/en/themes/material/images/elevation-all-demo.png]
[enisn-projects.io/docs/en/uranium/latest/themes/material/Elevation.html]
[enisn-projects.io/docs/en/uranium/en/infrastructure/StatefulContentView.html]
[raw.githubusercontent.com/enisn/UraniumUI/rel-2.2/docs/en/themes/material/images/buttonview-demo.png]
[enisn-projects.io/docs/en/uranium/latest/themes/material/ButtonView.html]
[raw.githubusercontent.com/enisn/UraniumUI/rel-2.2/docs/en/themes/material/images/buttons-preview.png]
[raw.githubusercontent.com/enisn/UraniumUI/rel-2.2/docs/en/themes/material/images/buttons-preview-dark.png]
[raw.githubusercontent.com/enisn/UraniumUI/rel-2.2/docs/en/themes/material/images/buttons-hover.gif]
[enisn-projects.io/docs/en/uranium/latest/themes/material/Buttons.html]
[raw.githubusercontent.com/enisn/UraniumUI/rel-2.2/docs/en/themes/material/components/images/inputfield-demo-timepicker.png]
[raw.githubusercontent.com/enisn/UraniumUI/rel-2.2/docs/en/themes/material/components/images/inputfield-demo-custom.gif]
[enisn-projects.io/docs/en/uranium/latest/themes/material/components/InputField.html]
[raw.githubusercontent.com/enisn/UraniumUI/rel-2.2/docs/en/themes/material/components/images/textfield-demo-light-android.gif]
[raw.githubusercontent.com/enisn/UraniumUI/rel-2.2/docs/en/themes/material/components/images/textfield-demo-dark-windows.gif]
[raw.githubusercontent.com/enisn/UraniumUI/rel-2.2/docs/en/themes/material/components/images/textfield-icon-light-andoid.gif]
[raw.githubusercontent.com/enisn/UraniumUI/rel-2.2/docs/en/themes/material/components/images/textfield-icon-dark-windows.gif]
[raw.githubusercontent.com/enisn/UraniumUI/rel-2.2/docs/en/themes/material/components/images/textfield-allowclear-dark-android.gif]
[raw.githubusercontent.com/enisn/UraniumUI/rel-2.2/docs/en/themes/material/components/images/textfield-allowclear-light-android.gif]
[raw.githubusercontent.com/enisn/UraniumUI/rel-2.2/docs/en/themes/material/components/images/textfield-formview-light-android.gif]
[raw.githubusercontent.com/enisn/UraniumUI/rel-2.2/docs/en/themes/material/components/images/textfield-formview-dark-windows.gif]
[enisn-projects.io/docs/en/uranium/latest/themes/material/components/TextField.html]
[raw.githubusercontent.com/enisn/UraniumUI/rel-2.2/docs/en/themes/material/components/images/autocompletetextfield-demo-android-light.gif]
[raw.githubusercontent.com/enisn/UraniumUI/rel-2.2/docs/en/themes/material/components/images/autocompletetextfield-demo-android-dark.gif]
[raw.githubusercontent.com/enisn/UraniumUI/rel-2.2/docs/en/themes/material/components/images/autocompletetextfield-icon-android-light.png]
[enisn-projects.io/docs/en/uranium/latest/themes/material/components/AutoCompleteTextField.html]
[raw.githubusercontent.com/enisn/UraniumUI/rel-2.2/docs/en/themes/material/components/images/pickerfield-demo-light-android.gif]
[raw.githubusercontent.com/enisn/UraniumUI/rel-2.2/docs/en/themes/material/components/images/pickerfield-demo-dark-ios.gif]
[raw.githubusercontent.com/enisn/UraniumUI/rel-2.2/docs/en/themes/material/components/images/pickerfield-icon-light-android.gif]
[raw.githubusercontent.com/enisn/UraniumUI/rel-2.2/docs/en/themes/material/components/images/pickerfield-icon-dark-ios.gif]
[raw.githubusercontent.com/enisn/UraniumUI/rel-2.2/docs/en/themes/material/components/images/pickerfield-allowclear-dark-android.gif]
[raw.githubusercontent.com/enisn/UraniumUI/rel-2.2/docs/en/themes/material/components/images/pickerfield-allowclear-light-android.gif]
[raw.githubusercontent.com/enisn/UraniumUI/rel-2.2/docs/en/themes/material/components/images/pickerfield-validation-light-android.gif]
[enisn-projects.io/docs/en/uranium/latest/themes/material/components/PickerField.html]
[raw.githubusercontent.com/enisn/UraniumUI/rel-2.2/docs/en/themes/material/components/images/timepickerfield-demo-light-android.gif]
[raw.githubusercontent.com/enisn/UraniumUI/rel-2.2/docs/en/themes/material/components/images/timepickerfield-demo-dark-windows.gif]
[raw.githubusercontent.com/enisn/UraniumUI/rel-2.2/docs/en/themes/material/components/images/timepickerfield-icon-light-android.png]
[raw.githubusercontent.com/enisn/UraniumUI/rel-2.2/docs/en/themes/material/components/images/timepickerfield-icon-dark-android.png]
[raw.githubusercontent.com/enisn/UraniumUI/rel-2.2/docs/en/themes/material/components/images/timepickerfield-allowclear-dark-android.gif]
[raw.githubusercontent.com/enisn/UraniumUI/rel-2.2/docs/en/themes/material/components/images/timepickerfield-allowclear-light-android.gif]
[raw.githubusercontent.com/enisn/UraniumUI/rel-2.2/docs/en/themes/material/components/images/timepickerfield-validation-light-android.gif]
[raw.githubusercontent.com/enisn/UraniumUI/rel-2.2/docs/en/themes/material/components/images/timepickerfield-validation-dark-android.gif]
[raw.githubusercontent.com/enisn/UraniumUI/rel-2.2/docs/en/themes/material/components/images/timepickerfield-formview-light-android.gif]
[enisn-projects.io/docs/en/uranium/latest/themes/material/components/TimePickerField.html]
[raw.githubusercontent.com/enisn/UraniumUI/rel-2.2/docs/en/themes/material/components/images/datepickerfield-demo-light-android.gif]
[raw.githubusercontent.com/enisn/UraniumUI/rel-2.2/docs/en/themes/material/components/images/datepickerfield-demo-dark-ios.gif]
[raw.githubusercontent.com/enisn/UraniumUI/rel-2.2/docs/en/themes/material/components/images/datepickerfield-icon-light-android.gif]
[raw.githubusercontent.com/enisn/UraniumUI/rel-2.2/docs/en/themes/material/components/images/datepickerfield-icon-dark-ios.gif]
[raw.githubusercontent.com/enisn/UraniumUI/rel-2.2/docs/en/themes/material/components/images/datepickerfield-allowclear-dark-android.gif]
[raw.githubusercontent.com/enisn/UraniumUI/rel-2.2/docs/en/themes/material/components/images/datepickerfield-allowclear-light-android.gif]
[raw.githubusercontent.com/enisn/UraniumUI/rel-2.2/docs/en/themes/material/components/images/datepickerfield-validation-light-android.gif]
[raw.githubusercontent.com/enisn/UraniumUI/rel-2.2/docs/en/themes/material/components/images/datepickerfield-validation-dark-ios.gif]
[enisn-projects.io/docs/en/uranium/latest/themes/material/components/DatePickerField.html]
[raw.githubusercontent.com/enisn/UraniumUI/rel-2.2/docs/en/themes/material/images/validations-all-demo-light-android.gif]
[raw.githubusercontent.com/enisn/UraniumUI/rel-2.2/docs/en/themes/material/images/validations-all-demo-dark-windows.gif]
[raw.githubusercontent.com/enisn/UraniumUI/rel-2.2/docs/en/themes/material/images/validations-demo-light-android.gif]
[raw.githubusercontent.com/enisn/UraniumUI/rel-2.2/docs/en/themes/material/images/validations-demo-dark-windows.gif]
[enisn-projects.io/docs/en/uranium/latest/themes/material/Validations.html]
[raw.githubusercontent.com/enisn/UraniumUI/rel-2.2/docs/en/themes/material/images/checkbox-demo-dark.gif]
[raw.githubusercontent.com/enisn/UraniumUI/rel-2.2/docs/en/themes/material/images/checkbox-demo-light.gif]
[enisn-projects.io/docs/en/uranium/latest/themes/material/CheckBox.html]
[raw.githubusercontent.com/enisn/UraniumUI/rel-2.2/docs/en/themes/material/images/radiobutton-demo-windows-dark.gif]
[raw.githubusercontent.com/enisn/UraniumUI/rel-2.2/docs/en/themes/material/images/radiobutton-demo-android-light.gif]
[enisn-projects.io/docs/en/uranium/latest/themes/material/RadioButton.html]
[raw.githubusercontent.com/enisn/UraniumUI/rel-2.2/docs/en/themes/material/images/dialogs-radiobutton-light-android.png]
[raw.githubusercontent.com/enisn/UraniumUI/rel-2.2/docs/en/themes/material/images/dialogs-radiobutton-dark-windows.png]
[raw.githubusercontent.com/enisn/UraniumUI/rel-2.2/docs/en/themes/material/images/dialogs-radiobuttons-parameters.png]
[raw.githubusercontent.com/enisn/UraniumUI/rel-2.2/docs/en/themes/material/images/dialogs-checkboxes-light-android.png]
[raw.githubusercontent.com/enisn/UraniumUI/rel-2.2/docs/en/themes/material/images/dialogs-checkboxes-dark-windows.png]
[raw.githubusercontent.com/enisn/UraniumUI/rel-2.2/docs/en/themes/material/images/dialogs-checkboxes-parameters.png]
[raw.githubusercontent.com/enisn/UraniumUI/rel-2.2/docs/en/themes/material/images/dialogs-text-light-android.png]
[raw.githubusercontent.com/enisn/UraniumUI/rel-2.2/docs/en/themes/material/images/dialogs-text-dark-windows.png]
[enisn-projects.io/docs/en/uranium/latest/themes/material/Dialogs.html]
[raw.githubusercontent.com/enisn/UraniumUI/rel-2.2/docs/en/themes/material/images/divider-demo-android-light.png]
[raw.githubusercontent.com/enisn/UraniumUI/rel-2.2/docs/en/themes/material/images/divider-demo-android-dark.png]
[enisn-projects.io/docs/en/uranium/latest/themes/material/Divider.html]
[raw.githubusercontent.com/enisn/UraniumUI/rel-2.2/docs/en/themes/material/components/images/backdrop-demo.gif]
[enisn-projects.io/docs/en/uranium/latest/themes/material/components/Backdrop.html]
[raw.githubusercontent.com/enisn/UraniumUI/rel-2.2/docs/en/themes/material/components/images/bottomsheet-regular-demo.gif]
[raw.githubusercontent.com/enisn/UraniumUI/rel-2.2/docs/en/themes/material/components/images/bottomsheet-expanding-demo.gif]
[enisn-projects.io/docs/en/uranium/latest/themes/material/components/BottomSheet.html]
[raw.githubusercontent.com/enisn/UraniumUI/rel-2.2/docs/en/themes/material/components/images/datagrid-demo.png]
[raw.githubusercontent.com/enisn/UraniumUI/rel-2.2/docs/en/themes/material/components/images/datagrid-demo-android.png]
[raw.githubusercontent.com/enisn/UraniumUI/rel-2.2/docs/en/themes/material/components/images/datagrid-selection-light-ios.gif]
[raw.githubusercontent.com/enisn/UraniumUI/rel-2.2/docs/en/themes/material/components/images/datagrid-cellitemtemplate-editor-windows-dark.gif]
[raw.githubusercontent.com/enisn/UraniumUI/rel-2.2/docs/en/themes/material/components/images/datagrid-displayname.png]
[raw.githubusercontent.com/enisn/UraniumUI/rel-2.2/docs/en/themes/material/components/images/datagrid-colum-template.png]
[raw.githubusercontent.com/enisn/UraniumUI/rel-2.2/docs/en/themes/material/components/images/datagrid-delete-sample.gif]
[raw.githubusercontent.com/enisn/UraniumUI/rel-2.2/docs/en/themes/material/components/images/datagrid-column-width.png]
[raw.githubusercontent.com/enisn/UraniumUI/rel-2.2/docs/en/themes/material/components/images/datagrid-titleview-demo-light.png]
[raw.githubusercontent.com/enisn/UraniumUI/rel-2.2/docs/en/themes/material/components/images/datagrid-titleview-demo-dark.png]
[raw.githubusercontent.com/enisn/UraniumUI/rel-2.2/docs/en/themes/material/components/images/datagrid-titletemplate-demo-light.png]
[raw.githubusercontent.com/enisn/UraniumUI/rel-2.2/docs/en/themes/material/components/images/datagrid-titletemplate-demo-dark.png]
[raw.githubusercontent.com/enisn/UraniumUI/rel-2.2/docs/en/themes/material/components/images/datagrid-emptyview-desktop-light.gif]
[raw.githubusercontent.com/enisn/UraniumUI/rel-2.2/docs/en/themes/material/components/images/datagrid-selection-windows.gif]
[raw.githubusercontent.com/enisn/UraniumUI/rel-2.2/docs/en/themes/material/components/images/datagrid-selection-android.gif]
[raw.githubusercontent.com/enisn/UraniumUI/rel-2.2/docs/en/themes/material/components/images/datagrid-selection-deletion.gif]
[raw.githubusercontent.com/enisn/UraniumUI/rel-2.2/docs/en/themes/material/components/images/datagrid-tips-indicator.gif]
[enisn-projects.io/docs/en/uranium/latest/themes/material/components/DataGrid.html]
[raw.githubusercontent.com/enisn/UraniumUI/rel-2.2/docs/en/themes/material/components/images/treeview-demo-light-android.gif]
[raw.githubusercontent.com/enisn/UraniumUI/rel-2.2/docs/en/themes/material/components/images/treeview-demo-dark-windows.gif]
[raw.githubusercontent.com/enisn/UraniumUI/rel-2.2/docs/en/themes/material/components/images/treeview-itemtemplate-light-android.png]
[raw.githubusercontent.com/enisn/UraniumUI/rel-2.2/docs/en/themes/material/components/images/treeview-itemtemplate-dark-windows.png]
[raw.githubusercontent.com/enisn/UraniumUI/rel-2.2/docs/en/themes/material/components/images/treeview-arrowcolor-light-android.png]
[raw.githubusercontent.com/enisn/UraniumUI/rel-2.2/docs/en/themes/material/components/images/treeview-arrowcolor-dark-windows.png]
[raw.githubusercontent.com/enisn/UraniumUI/rel-2.2/docs/en/themes/material/components/images/treeview-spacing-dark-android.png]
[raw.githubusercontent.com/enisn/UraniumUI/rel-2.2/docs/en/themes/material/components/images/treeview-expander-dark-android.gif]
[raw.githubusercontent.com/enisn/UraniumUI/rel-2.2/docs/en/themes/material/components/images/treeview-useanimation-dark-windows-enabled.gif]
[raw.githubusercontent.com/enisn/UraniumUI/rel-2.2/docs/en/themes/material/components/images/treeview-useanimation-dark-windows-disabled.gif]
[raw.githubusercontent.com/enisn/UraniumUI/rel-2.2/docs/en/themes/material/components/images/treeview-selection-light-android.gif]
[raw.githubusercontent.com/enisn/UraniumUI/rel-2.2/docs/en/themes/material/components/images/treeview-selection-dark-windows.gif]
[raw.githubusercontent.com/enisn/UraniumUI/rel-2.2/docs/en/themes/material/components/images/treeview-filesystem-dark-windows.gif]
[enisn-projects.io/docs/en/uranium/latest/themes/material/components/TreeView.html]
[raw.githubusercontent.com/enisn/UraniumUI/rel-2.2/docs/en/themes/material/components/images/tabview-simple-light-android.gif]
[raw.githubusercontent.com/enisn/UraniumUI/rel-2.2/docs/en/themes/material/components/images/tabview-simple-dark-windows.gif]
[raw.githubusercontent.com/enisn/UraniumUI/rel-2.2/docs/en/themes/material/components/images/tabview-simple-light-ios.gif]
[raw.githubusercontent.com/enisn/UraniumUI/rel-2.2/docs/en/themes/material/components/images/tabview-tabplacement-light-android.gif]
[raw.githubusercontent.com/enisn/UraniumUI/rel-2.2/docs/en/themes/material/components/images/tabview-tabplacement-dark-windows.gif]
[raw.githubusercontent.com/enisn/UraniumUI/rel-2.2/docs/en/themes/material/components/images/tabview-tabplacement-light-ios.gif]
[raw.githubusercontent.com/enisn/UraniumUI/rel-2.2/docs/en/themes/material/components/images/tabview-simple-custom-light-android.gif]
[raw.githubusercontent.com/enisn/UraniumUI/rel-2.2/docs/en/themes/material/components/images/tabview-simple-custom-dark-windows.gif]
[raw.githubusercontent.com/enisn/UraniumUI/rel-2.2/docs/en/themes/material/components/images/tabview-custom-template-light-android.gif]
[raw.githubusercontent.com/enisn/UraniumUI/rel-2.2/docs/en/themes/material/components/images/tabview-custom-template-dark-windows.gif]
[raw.githubusercontent.com/enisn/UraniumUI/rel-2.2/docs/en/themes/material/components/images/tabview-custom-item-template-light-android.gif]
[raw.githubusercontent.com/enisn/UraniumUI/rel-2.2/docs/en/themes/material/components/images/tabview-custom-item-template-dark-windows.gif]
[raw.githubusercontent.com/enisn/UraniumUI/rel-2.2/docs/en/themes/material/components/images/tabview-dynamictabs-simple-windows-dark.gif]
[enisn-projects.io/docs/en/uranium/latest/themes/material/components/TabView.html]
[raw.githubusercontent.com/enisn/UraniumUI/rel-2.2/docs/en/themes/material/images/containers-demo.png]
[raw.githubusercontent.com/enisn/UraniumUI/rel-2.2/docs/en/themes/material/images/containers-demo-android-light.png]
[raw.githubusercontent.com/enisn/UraniumUI/rel-2.2/docs/en/themes/material/images/containers-demo-android-dark.png]
[enisn-projects.io/docs/en/uranium/latest/themes/material/Containers.html]
[enisn-projects.io/docs/en/uranium/latest/migration-guides/Migrating-To-1.html]
[enisn-projects.io/docs/en/uranium/latest/migration-guides/Migrating-To-2.html]
[enisn-projects.io/docs/en/uranium/latest/migration-guides/Migrating-To-3.html]
[enisn-projects.io/docs/en/uranium/latest/migration-guides/Migrating-To-4.html]
[enisn-projects.io/docs/en/uranium/latest/Support.html]
[widgets.superpeer.com/widget.css]
[enisn-projects.io/docs/en/uranium/latest/PremiumSupport.html]
[enisn-projects.io/docs/en/uranium/latest/themes/material/Index.html]
[enisn-projects.io/docs/en/uranium/en/infrastructure/StatefulContentView.html]
[widgets.superpeer.com/widget.css]
[widgets.superpeer.com/widget.js]
